<?xml version="1.0" encoding="utf-8" standalone="no"?>
<test-run id="2" testcasecount="28" result="Passed" total="28" passed="28" failed="0" inconclusive="0" skipped="0" asserts="21" engine-version="3.0.5797.27553" clr-version="4.0.30319.42000" start-time="2015-12-24 13:14:28Z" end-time="2015-12-24 13:14:28Z" duration="0.416871">
  <command-line><![CDATA[C:\devel\evi\HermaFx.git\packages\NUnit.Console.3.0.0\tools\nunit3-console.exe HermaFx.DataAnnotations.Tests\bin\Debug\HermaFx.DataAnnotations.Tests.dll]]></command-line>
  <test-suite type="Assembly" id="0-1031" name="HermaFx.DataAnnotations.Tests.dll" fullname="C:\devel\evi\HermaFx.git\HermaFx.DataAnnotations.Tests\bin\Debug\HermaFx.DataAnnotations.Tests.dll" runstate="Runnable" testcasecount="28" result="Passed" start-time="2015-12-24 13:14:28Z" end-time="2015-12-24 13:14:28Z" duration="0.262282" total="28" passed="28" failed="0" inconclusive="0" skipped="0" asserts="21">
    <environment framework-version="3.0.5797.27534" clr-version="4.0.30319.42000" os-version="Microsoft Windows NT 6.1.7601 Service Pack 1" platform="Win32NT" cwd="C:\devel\evi\HermaFx.git" machine-name="BSOD" user="pruiz" user-domain="BSOD" culture="es-ES" uiculture="en-US" os-architecture="x64" />
    <settings>
      <setting name="WorkDirectory" value="C:\devel\evi\HermaFx.git" />
      <setting name="NumberOfTestWorkers" value="8" />
    </settings>
    <properties>
      <property name="_PID" value="4772" />
      <property name="_APPDOMAIN" value="test-domain-" />
    </properties>
    <test-suite type="TestSuite" id="0-1032" name="HermaFx" fullname="HermaFx" runstate="Runnable" testcasecount="28" result="Passed" start-time="2015-12-24 13:14:28Z" end-time="2015-12-24 13:14:28Z" duration="0.250428" total="28" passed="28" failed="0" inconclusive="0" skipped="0" asserts="21">
      <test-suite type="TestSuite" id="0-1033" name="DataAnnotations" fullname="HermaFx.DataAnnotations" runstate="Runnable" testcasecount="28" result="Passed" start-time="2015-12-24 13:14:28Z" end-time="2015-12-24 13:14:28Z" duration="0.250326" total="28" passed="28" failed="0" inconclusive="0" skipped="0" asserts="21">
        <test-suite type="TestFixture" id="0-1014" name="ExtendedValidatorTests" fullname="HermaFx.DataAnnotations.ExtendedValidatorTests" classname="HermaFx.DataAnnotations.ExtendedValidatorTests" runstate="Runnable" testcasecount="2" result="Passed" start-time="2015-12-24 13:14:28Z" end-time="2015-12-24 13:14:28Z" duration="0.224934" total="2" passed="2" failed="0" inconclusive="0" skipped="0" asserts="12">
          <test-case id="0-1016" name="EnsuresIsValidInnerDto" fullname="HermaFx.DataAnnotations.ExtendedValidatorTests.EnsuresIsValidInnerDto" methodname="EnsuresIsValidInnerDto" classname="HermaFx.DataAnnotations.ExtendedValidatorTests" runstate="Runnable" seed="596653663" result="Passed" start-time="2015-12-24 13:14:28Z" end-time="2015-12-24 13:14:28Z" duration="0.209043" asserts="7" />
          <test-case id="0-1015" name="ValidatesInnerDto" fullname="HermaFx.DataAnnotations.ExtendedValidatorTests.ValidatesInnerDto" methodname="ValidatesInnerDto" classname="HermaFx.DataAnnotations.ExtendedValidatorTests" runstate="Runnable" seed="1542415269" result="Passed" start-time="2015-12-24 13:14:28Z" end-time="2015-12-24 13:14:28Z" duration="0.003372" asserts="5" />
        </test-suite>
        <test-suite type="TestFixture" id="0-1000" name="MaxElementsTests" fullname="HermaFx.DataAnnotations.MaxElementsTests" classname="HermaFx.DataAnnotations.MaxElementsTests" runstate="Runnable" testcasecount="13" result="Passed" start-time="2015-12-24 13:14:28Z" end-time="2015-12-24 13:14:28Z" duration="0.014004" total="13" passed="13" failed="0" inconclusive="0" skipped="0" asserts="5">
          <test-case id="0-1012" name="FiveElementsWithFiveItemValidates" fullname="HermaFx.DataAnnotations.MaxElementsTests.FiveElementsWithFiveItemValidates" methodname="FiveElementsWithFiveItemValidates" classname="HermaFx.DataAnnotations.MaxElementsTests" runstate="Runnable" seed="2083519019" result="Passed" start-time="2015-12-24 13:14:28Z" end-time="2015-12-24 13:14:28Z" duration="0.002677" asserts="0" />
          <test-case id="0-1011" name="FiveElementsWithFourItemValidates" fullname="HermaFx.DataAnnotations.MaxElementsTests.FiveElementsWithFourItemValidates" methodname="FiveElementsWithFourItemValidates" classname="HermaFx.DataAnnotations.MaxElementsTests" runstate="Runnable" seed="1152481947" result="Passed" start-time="2015-12-24 13:14:28Z" end-time="2015-12-24 13:14:28Z" duration="0.000285" asserts="0" />
          <test-case id="0-1013" name="FiveElementsWithSixItemsDoesNotValidate" fullname="HermaFx.DataAnnotations.MaxElementsTests.FiveElementsWithSixItemsDoesNotValidate" methodname="FiveElementsWithSixItemsDoesNotValidate" classname="HermaFx.DataAnnotations.MaxElementsTests" runstate="Runnable" seed="652308738" result="Passed" start-time="2015-12-24 13:14:28Z" end-time="2015-12-24 13:14:28Z" duration="0.001165" asserts="1" />
          <test-case id="0-1001" name="NullElementsTest" fullname="HermaFx.DataAnnotations.MaxElementsTests.NullElementsTest" methodname="NullElementsTest" classname="HermaFx.DataAnnotations.MaxElementsTests" runstate="Runnable" seed="798259755" result="Passed" start-time="2015-12-24 13:14:28Z" end-time="2015-12-24 13:14:28Z" duration="0.000213" asserts="0" />
          <test-case id="0-1006" name="OneElementsWithEmptyArrayValidates" fullname="HermaFx.DataAnnotations.MaxElementsTests.OneElementsWithEmptyArrayValidates" methodname="OneElementsWithEmptyArrayValidates" classname="HermaFx.DataAnnotations.MaxElementsTests" runstate="Runnable" seed="1896201078" result="Passed" start-time="2015-12-24 13:14:28Z" end-time="2015-12-24 13:14:28Z" duration="0.000245" asserts="0" />
          <test-case id="0-1008" name="OneElementsWithEmptyIEnumerableValidates" fullname="HermaFx.DataAnnotations.MaxElementsTests.OneElementsWithEmptyIEnumerableValidates" methodname="OneElementsWithEmptyIEnumerableValidates" classname="HermaFx.DataAnnotations.MaxElementsTests" runstate="Runnable" seed="1658039280" result="Passed" start-time="2015-12-24 13:14:28Z" end-time="2015-12-24 13:14:28Z" duration="0.002802" asserts="0" />
          <test-case id="0-1007" name="OneElementsWithEmptyListValidates" fullname="HermaFx.DataAnnotations.MaxElementsTests.OneElementsWithEmptyListValidates" methodname="OneElementsWithEmptyListValidates" classname="HermaFx.DataAnnotations.MaxElementsTests" runstate="Runnable" seed="421480137" result="Passed" start-time="2015-12-24 13:14:28Z" end-time="2015-12-24 13:14:28Z" duration="0.001366" asserts="0" />
          <test-case id="0-1009" name="OneElementsWithSingleItemValidates" fullname="HermaFx.DataAnnotations.MaxElementsTests.OneElementsWithSingleItemValidates" methodname="OneElementsWithSingleItemValidates" classname="HermaFx.DataAnnotations.MaxElementsTests" runstate="Runnable" seed="591261833" result="Passed" start-time="2015-12-24 13:14:28Z" end-time="2015-12-24 13:14:28Z" duration="0.000289" asserts="0" />
          <test-case id="0-1010" name="OneElementsWithTwoItemsDoesNotValidate" fullname="HermaFx.DataAnnotations.MaxElementsTests.OneElementsWithTwoItemsDoesNotValidate" methodname="OneElementsWithTwoItemsDoesNotValidate" classname="HermaFx.DataAnnotations.MaxElementsTests" runstate="Runnable" seed="1687410536" result="Passed" start-time="2015-12-24 13:14:28Z" end-time="2015-12-24 13:14:28Z" duration="0.000662" asserts="1" />
          <test-case id="0-1002" name="ZeroElementsWithEmptyArrayValidates" fullname="HermaFx.DataAnnotations.MaxElementsTests.ZeroElementsWithEmptyArrayValidates" methodname="ZeroElementsWithEmptyArrayValidates" classname="HermaFx.DataAnnotations.MaxElementsTests" runstate="Runnable" seed="1630670862" result="Passed" start-time="2015-12-24 13:14:28Z" end-time="2015-12-24 13:14:28Z" duration="0.000420" asserts="0" />
          <test-case id="0-1003" name="ZeroElementsWithNonEmptyArrayDoesNotValidate" fullname="HermaFx.DataAnnotations.MaxElementsTests.ZeroElementsWithNonEmptyArrayDoesNotValidate" methodname="ZeroElementsWithNonEmptyArrayDoesNotValidate" classname="HermaFx.DataAnnotations.MaxElementsTests" runstate="Runnable" seed="993609143" result="Passed" start-time="2015-12-24 13:14:28Z" end-time="2015-12-24 13:14:28Z" duration="0.000671" asserts="1" />
          <test-case id="0-1005" name="ZeroElementsWithNonEmptyIEnumerableDoesNotValidate" fullname="HermaFx.DataAnnotations.MaxElementsTests.ZeroElementsWithNonEmptyIEnumerableDoesNotValidate" methodname="ZeroElementsWithNonEmptyIEnumerableDoesNotValidate" classname="HermaFx.DataAnnotations.MaxElementsTests" runstate="Runnable" seed="813987263" result="Passed" start-time="2015-12-24 13:14:28Z" end-time="2015-12-24 13:14:28Z" duration="0.000804" asserts="1" />
          <test-case id="0-1004" name="ZeroElementsWithNonEmptyListDoesNotValidate" fullname="HermaFx.DataAnnotations.MaxElementsTests.ZeroElementsWithNonEmptyListDoesNotValidate" methodname="ZeroElementsWithNonEmptyListDoesNotValidate" classname="HermaFx.DataAnnotations.MaxElementsTests" runstate="Runnable" seed="277322916" result="Passed" start-time="2015-12-24 13:14:28Z" end-time="2015-12-24 13:14:28Z" duration="0.000666" asserts="1" />
        </test-suite>
        <test-suite type="TestFixture" id="0-1017" name="MinElementsTests" fullname="HermaFx.DataAnnotations.MinElementsTests" classname="HermaFx.DataAnnotations.MinElementsTests" runstate="Runnable" testcasecount="13" result="Passed" start-time="2015-12-24 13:14:28Z" end-time="2015-12-24 13:14:28Z" duration="0.008739" total="13" passed="13" failed="0" inconclusive="0" skipped="0" asserts="4">
          <test-case id="0-1029" name="FiveElementsWithFiveItemValidates" fullname="HermaFx.DataAnnotations.MinElementsTests.FiveElementsWithFiveItemValidates" methodname="FiveElementsWithFiveItemValidates" classname="HermaFx.DataAnnotations.MinElementsTests" runstate="Runnable" seed="589179632" result="Passed" start-time="2015-12-24 13:14:28Z" end-time="2015-12-24 13:14:28Z" duration="0.001879" asserts="0" />
          <test-case id="0-1028" name="FiveElementsWithFourItemDoesNotValidate" fullname="HermaFx.DataAnnotations.MinElementsTests.FiveElementsWithFourItemDoesNotValidate" methodname="FiveElementsWithFourItemDoesNotValidate" classname="HermaFx.DataAnnotations.MinElementsTests" runstate="Runnable" seed="1548583897" result="Passed" start-time="2015-12-24 13:14:28Z" end-time="2015-12-24 13:14:28Z" duration="0.000994" asserts="1" />
          <test-case id="0-1030" name="FiveElementsWithSixItemsValidates" fullname="HermaFx.DataAnnotations.MinElementsTests.FiveElementsWithSixItemsValidates" methodname="FiveElementsWithSixItemsValidates" classname="HermaFx.DataAnnotations.MinElementsTests" runstate="Runnable" seed="976149245" result="Passed" start-time="2015-12-24 13:14:28Z" end-time="2015-12-24 13:14:28Z" duration="0.000388" asserts="0" />
          <test-case id="0-1018" name="NullElementsTest" fullname="HermaFx.DataAnnotations.MinElementsTests.NullElementsTest" methodname="NullElementsTest" classname="HermaFx.DataAnnotations.MinElementsTests" runstate="Runnable" seed="1565032323" result="Passed" start-time="2015-12-24 13:14:28Z" end-time="2015-12-24 13:14:28Z" duration="0.000219" asserts="0" />
          <test-case id="0-1023" name="OneElementsWithEmptyArrayDoesNotValidate" fullname="HermaFx.DataAnnotations.MinElementsTests.OneElementsWithEmptyArrayDoesNotValidate" methodname="OneElementsWithEmptyArrayDoesNotValidate" classname="HermaFx.DataAnnotations.MinElementsTests" runstate="Runnable" seed="107278582" result="Passed" start-time="2015-12-24 13:14:28Z" end-time="2015-12-24 13:14:28Z" duration="0.000570" asserts="1" />
          <test-case id="0-1025" name="OneElementsWithEmptyIEnumerableDoesNotValidate" fullname="HermaFx.DataAnnotations.MinElementsTests.OneElementsWithEmptyIEnumerableDoesNotValidate" methodname="OneElementsWithEmptyIEnumerableDoesNotValidate" classname="HermaFx.DataAnnotations.MinElementsTests" runstate="Runnable" seed="657009205" result="Passed" start-time="2015-12-24 13:14:28Z" end-time="2015-12-24 13:14:28Z" duration="0.000566" asserts="1" />
          <test-case id="0-1024" name="OneElementsWithEmptyListDoesNotValidate" fullname="HermaFx.DataAnnotations.MinElementsTests.OneElementsWithEmptyListDoesNotValidate" methodname="OneElementsWithEmptyListDoesNotValidate" classname="HermaFx.DataAnnotations.MinElementsTests" runstate="Runnable" seed="129833087" result="Passed" start-time="2015-12-24 13:14:28Z" end-time="2015-12-24 13:14:28Z" duration="0.000610" asserts="1" />
          <test-case id="0-1026" name="OneElementsWithSingleItemValidates" fullname="HermaFx.DataAnnotations.MinElementsTests.OneElementsWithSingleItemValidates" methodname="OneElementsWithSingleItemValidates" classname="HermaFx.DataAnnotations.MinElementsTests" runstate="Runnable" seed="1072944492" result="Passed" start-time="2015-12-24 13:14:28Z" end-time="2015-12-24 13:14:28Z" duration="0.000288" asserts="0" />
          <test-case id="0-1027" name="OneElementsWithTwoItemsValidates" fullname="HermaFx.DataAnnotations.MinElementsTests.OneElementsWithTwoItemsValidates" methodname="OneElementsWithTwoItemsValidates" classname="HermaFx.DataAnnotations.MinElementsTests" runstate="Runnable" seed="1958916467" result="Passed" start-time="2015-12-24 13:14:28Z" end-time="2015-12-24 13:14:28Z" duration="0.000282" asserts="0" />
          <test-case id="0-1019" name="ZeroElementsWithEmptyArrayValidates" fullname="HermaFx.DataAnnotations.MinElementsTests.ZeroElementsWithEmptyArrayValidates" methodname="ZeroElementsWithEmptyArrayValidates" classname="HermaFx.DataAnnotations.MinElementsTests" runstate="Runnable" seed="657609446" result="Passed" start-time="2015-12-24 13:14:28Z" end-time="2015-12-24 13:14:28Z" duration="0.000438" asserts="0" />
          <test-case id="0-1020" name="ZeroElementsWithNonEmptyArrayValidates" fullname="HermaFx.DataAnnotations.MinElementsTests.ZeroElementsWithNonEmptyArrayValidates" methodname="ZeroElementsWithNonEmptyArrayValidates" classname="HermaFx.DataAnnotations.MinElementsTests" runstate="Runnable" seed="866290569" result="Passed" start-time="2015-12-24 13:14:28Z" end-time="2015-12-24 13:14:28Z" duration="0.000276" asserts="0" />
          <test-case id="0-1022" name="ZeroElementsWithNonEmptyIEnumerableValidates" fullname="HermaFx.DataAnnotations.MinElementsTests.ZeroElementsWithNonEmptyIEnumerableValidates" methodname="ZeroElementsWithNonEmptyIEnumerableValidates" classname="HermaFx.DataAnnotations.MinElementsTests" runstate="Runnable" seed="1835946489" result="Passed" start-time="2015-12-24 13:14:28Z" end-time="2015-12-24 13:14:28Z" duration="0.000265" asserts="0" />
          <test-case id="0-1021" name="ZeroElementsWithNonEmptyListValidates" fullname="HermaFx.DataAnnotations.MinElementsTests.ZeroElementsWithNonEmptyListValidates" methodname="ZeroElementsWithNonEmptyListValidates" classname="HermaFx.DataAnnotations.MinElementsTests" runstate="Runnable" seed="1960734727" result="Passed" start-time="2015-12-24 13:14:28Z" end-time="2015-12-24 13:14:28Z" duration="0.000325" asserts="0" />
        </test-suite>
      </test-suite>
    </test-suite>
  </test-suite>
</test-run>